# JRE version: Java(TM) SE Runtime Environment (8.0_05-b13) (build 1.8.0_05-b13)
# Java VM: Java HotSpot(TM) 64-Bit Server VM (25.5-b02 mixed mode windows-amd64 compressed oops)
Heap:
 PSYoungGen      total 3584K, used 1396K [0x00000000d6980000, 0x00000000d7080000, 0x0000000100000000)
  eden space 2048K, 8% used [0x00000000d6980000,0x00000000d69a93a0,0x00000000d6b80000)
  from space 1536K, 80% used [0x00000000d6b80000,0x00000000d6cb4010,0x00000000d6d00000)
  to   space 1536K, 0% used [0x00000000d6f00000,0x00000000d6f00000,0x00000000d7080000)
 ParOldGen       total 127488K, used 1148K [0x0000000083c00000, 0x000000008b880000, 0x00000000d6980000)
  object space 127488K, 0% used [0x0000000083c00000,0x0000000083d1f060,0x000000008b880000)
 Metaspace       used 12916K, capacity 13132K, committed 13312K, reserved 1060864K
  class space    used 1686K, capacity 1758K, committed 1792K, reserved 1048576K
GC Heap History (10 events):
Event: 0.629 GC heap before
{Heap before GC invocations=3 (full 0):
 PSYoungGen      total 1024K, used 1008K [0x00000000d6980000, 0x00000000d6b80000, 0x0000000100000000)
  eden space 512K, 100% used [0x00000000d6980000,0x00000000d6a00000,0x00000000d6a00000)
  from space 512K, 96% used [0x00000000d6a80000,0x00000000d6afc010,0x00000000d6b00000)
  to   space 512K, 0% used [0x00000000d6a00000,0x00000000d6a00000,0x00000000d6a80000)
 ParOldGen       total 127488K, used 56K [0x0000000083c00000, 0x000000008b880000, 0x00000000d6980000)
  object space 127488K, 0% used [0x0000000083c00000,0x0000000083c0e000,0x000000008b880000)
 Metaspace       used 5239K, capacity 5330K, committed 5632K, reserved 1056768K
  class space    used 631K, capacity 678K, committed 768K, reserved 1048576K
Event: 0.633 GC heap after
Heap after GC invocations=3 (full 0):
 PSYoungGen      total 1024K, used 480K [0x00000000d6980000, 0x00000000d6b80000, 0x0000000100000000)
  eden space 512K, 0% used [0x00000000d6980000,0x00000000d6980000,0x00000000d6a00000)
  from space 512K, 93% used [0x00000000d6a00000,0x00000000d6a78020,0x00000000d6a80000)
  to   space 512K, 0% used [0x00000000d6b00000,0x00000000d6b00000,0x00000000d6b80000)
 ParOldGen       total 127488K, used 152K [0x0000000083c00000, 0x000000008b880000, 0x00000000d6980000)
  object space 127488K, 0% used [0x0000000083c00000,0x0000000083c26000,0x000000008b880000)
 Metaspace       used 5239K, capacity 5330K, committed 5632K, reserved 1056768K
  class space    used 631K, capacity 678K, committed 768K, reserved 1048576K
}
Event: 0.785 GC heap before
{Heap before GC invocations=4 (full 0):
 PSYoungGen      total 1024K, used 992K [0x00000000d6980000, 0x00000000d6b80000, 0x0000000100000000)
  eden space 512K, 100% used [0x00000000d6980000,0x00000000d6a00000,0x00000000d6a00000)
  from space 512K, 93% used [0x00000000d6a00000,0x00000000d6a78020,0x00000000d6a80000)
  to   space 512K, 0% used [0x00000000d6b00000,0x00000000d6b00000,0x00000000d6b80000)
 ParOldGen       total 127488K, used 152K [0x0000000083c00000, 0x000000008b880000, 0x00000000d6980000)
  object space 127488K, 0% used [0x0000000083c00000,0x0000000083c26000,0x000000008b880000)
 Metaspace       used 6212K, capacity 6358K, committed 6528K, reserved 1056768K
  class space    used 749K, capacity 788K, committed 896K, reserved 1048576K
Event: 0.793 GC heap after
Heap after GC invocations=4 (full 0):
 PSYoungGen      total 1536K, used 512K [0x00000000d6980000, 0x00000000d6b80000, 0x0000000100000000)
  eden space 1024K, 0% used [0x00000000d6980000,0x00000000d6980000,0x00000000d6a80000)
  from space 512K, 100% used [0x00000000d6b00000,0x00000000d6b80000,0x00000000d6b80000)
  to   space 512K, 0% used [0x00000000d6a80000,0x00000000d6a80000,0x00000000d6b00000)
 ParOldGen       total 127488K, used 360K [0x0000000083c00000, 0x000000008b880000, 0x00000000d6980000)
  object space 127488K, 0% used [0x0000000083c00000,0x0000000083c5a050,0x000000008b880000)
 Metaspace       used 6212K, capacity 6358K, committed 6528K, reserved 1056768K
  class space    used 749K, capacity 788K, committed 896K, reserved 1048576K
}
Event: 1.212 GC heap before
{Heap before GC invocations=5 (full 0):
 PSYoungGen      total 1536K, used 1536K [0x00000000d6980000, 0x00000000d6b80000, 0x0000000100000000)
  eden space 1024K, 100% used [0x00000000d6980000,0x00000000d6a80000,0x00000000d6a80000)
  from space 512K, 100% used [0x00000000d6b00000,0x00000000d6b80000,0x00000000d6b80000)
  to   space 512K, 0% used [0x00000000d6a80000,0x00000000d6a80000,0x00000000d6b00000)
 ParOldGen       total 127488K, used 360K [0x0000000083c00000, 0x000000008b880000, 0x00000000d6980000)
  object space 127488K, 0% used [0x0000000083c00000,0x0000000083c5a050,0x000000008b880000)
 Metaspace       used 9353K, capacity 9480K, committed 9728K, reserved 1058816K
  class space    used 1243K, capacity 1272K, committed 1280K, reserved 1048576K
Event: 1.218 GC heap after
Heap after GC invocations=5 (full 0):
 PSYoungGen      total 1536K, used 512K [0x00000000d6980000, 0x00000000d6e80000, 0x0000000100000000)
  eden space 1024K, 0% used [0x00000000d6980000,0x00000000d6980000,0x00000000d6a80000)
  from space 512K, 100% used [0x00000000d6a80000,0x00000000d6b00000,0x00000000d6b00000)
  to   space 1536K, 0% used [0x00000000d6d00000,0x00000000d6d00000,0x00000000d6e80000)
 ParOldGen       total 127488K, used 952K [0x0000000083c00000, 0x000000008b880000, 0x00000000d6980000)
  object space 127488K, 0% used [0x0000000083c00000,0x0000000083cee050,0x000000008b880000)
 Metaspace       used 9353K, capacity 9480K, committed 9728K, reserved 1058816K
  class space    used 1243K, capacity 1272K, committed 1280K, reserved 1048576K
}
Event: 44.908 GC heap before
{Heap before GC invocations=6 (full 0):
 PSYoungGen      total 1536K, used 1536K [0x00000000d6980000, 0x00000000d6e80000, 0x0000000100000000)
  eden space 1024K, 100% used [0x00000000d6980000,0x00000000d6a80000,0x00000000d6a80000)
  from space 512K, 100% used [0x00000000d6a80000,0x00000000d6b00000,0x00000000d6b00000)
  to   space 1536K, 0% used [0x00000000d6d00000,0x00000000d6d00000,0x00000000d6e80000)
 ParOldGen       total 127488K, used 952K [0x0000000083c00000, 0x000000008b880000, 0x00000000d6980000)
  object space 127488K, 0% used [0x0000000083c00000,0x0000000083cee050,0x000000008b880000)
 Metaspace       used 10923K, capacity 11142K, committed 11264K, reserved 1058816K
  class space    used 1437K, capacity 1501K, committed 1536K, reserved 1048576K
Event: 44.918 GC heap after
Heap after GC invocations=6 (full 0):
 PSYoungGen      total 3584K, used 960K [0x00000000d6980000, 0x00000000d6e80000, 0x0000000100000000)
  eden space 2048K, 0% used [0x00000000d6980000,0x00000000d6980000,0x00000000d6b80000)
  from space 1536K, 62% used [0x00000000d6d00000,0x00000000d6df0000,0x00000000d6e80000)
  to   space 1536K, 0% used [0x00000000d6b80000,0x00000000d6b80000,0x00000000d6d00000)
 ParOldGen       total 127488K, used 952K [0x0000000083c00000, 0x000000008b880000, 0x00000000d6980000)
  object space 127488K, 0% used [0x0000000083c00000,0x0000000083cee050,0x000000008b880000)
 Metaspace       used 10923K, capacity 11142K, committed 11264K, reserved 1058816K
  class space    used 1437K, capacity 1501K, committed 1536K, reserved 1048576K
}
Event: 57.978 GC heap before
{Heap before GC invocations=7 (full 0):
 PSYoungGen      total 3584K, used 3008K [0x00000000d6980000, 0x00000000d6e80000, 0x0000000100000000)
  eden space 2048K, 100% used [0x00000000d6980000,0x00000000d6b80000,0x00000000d6b80000)
  from space 1536K, 62% used [0x00000000d6d00000,0x00000000d6df0000,0x00000000d6e80000)
  to   space 1536K, 0% used [0x00000000d6b80000,0x00000000d6b80000,0x00000000d6d00000)
 ParOldGen       total 127488K, used 952K [0x0000000083c00000, 0x000000008b880000, 0x00000000d6980000)
  object space 127488K, 0% used [0x0000000083c00000,0x0000000083cee050,0x000000008b880000)
 Metaspace       used 12792K, capacity 12972K, committed 13312K, reserved 1060864K
  class space    used 1673K, capacity 1726K, committed 1792K, reserved 1048576K
Event: 57.985 GC heap after
Heap after GC invocations=7 (full 0):
 PSYoungGen      total 3584K, used 1232K [0x00000000d6980000, 0x00000000d7080000, 0x0000000100000000)
  eden space 2048K, 0% used [0x00000000d6980000,0x00000000d6980000,0x00000000d6b80000)
  from space 1536K, 80% used [0x00000000d6b80000,0x00000000d6cb4010,0x00000000d6d00000)
  to   space 1536K, 0% used [0x00000000d6f00000,0x00000000d6f00000,0x00000000d7080000)
 ParOldGen       total 127488K, used 1148K [0x0000000083c00000, 0x000000008b880000, 0x00000000d6980000)
  object space 127488K, 0% used [0x0000000083c00000,0x0000000083d1f060,0x000000008b880000)
 Metaspace       used 12792K, capacity 12972K, committed 13312K, reserved 1060864K
  class space    used 1673K, capacity 1726K, committed 1792K, reserved 1048576K
}

